<?xml version="1.0" encoding="UTF-8"?>
<!-- Generated by org.testng.reporters.JUnitXMLReporter -->
<testsuite ignored="0" hostname="DESKTOP-021M41B" failures="1" tests="2" name="Test" time="56.642" errors="0" timestamp="2022-09-03T11:14:31 IST">
  <testcase classname="TestCases.VerifyLoginTestCase" name="login" time="0.861"/>
  <testcase classname="TestCases.VerifySignUpTestCase" name="SignUp" time="27.932">
    <failure type="java.lang.AssertionError" message="The following asserts failed:
	expected [Free CRM Trial: Salesforce 30-Day Trial- Salesforce IN] but found [Free CRM Trial: Salesforce 30-Day Trial - Salesforce IN]">
      <![CDATA[java.lang.AssertionError: The following asserts failed:
expected [Free CRM Trial: Salesforce 30-Day Trial- Salesforce IN] but found [Free CRM Trial: Salesforce 30-Day Trial - Salesforce IN]
at Resources.CommonUtilities.handleAssertions(CommonUtilities.java:24)
at TestCases.VerifySignUpTestCase.SignUp(VerifySignUpTestCase.java:41)
at java.base/java.util.ArrayList.forEach(ArrayList.java:1511)
... Removed 29 stack frames]]>
    </failure>
  </testcase> <!-- SignUp -->
</testsuite> <!-- Test -->
